[debug] [2021-06-08T11:40:02.242Z] ----------------------------------------------------------------------
[debug] [2021-06-08T11:40:02.243Z] Command:       /home/dima/.nvm/versions/node/v16.3.0/bin/node /home/dima/Desktop/Dripgit/drip/node_modules/.bin/firebase deploy -m minor fixes
[debug] [2021-06-08T11:40:02.243Z] CLI Version:   9.12.1
[debug] [2021-06-08T11:40:02.243Z] Platform:      linux
[debug] [2021-06-08T11:40:02.244Z] Node Version:  v16.3.0
[debug] [2021-06-08T11:40:02.244Z] Time:          Tue Jun 08 2021 15:40:02 GMT+0400 (Georgia Standard Time)
[debug] [2021-06-08T11:40:02.244Z] ----------------------------------------------------------------------
[debug] 
[debug] [2021-06-08T11:40:02.248Z] > command requires scopes: ["email","openid","https://www.googleapis.com/auth/cloudplatformprojects.readonly","https://www.googleapis.com/auth/firebase","https://www.googleapis.com/auth/cloud-platform"]
[debug] [2021-06-08T11:40:02.248Z] > authorizing via signed-in user (hq@drip.ge)
[debug] [2021-06-08T11:40:02.248Z] [iam] checking project drip-landing for permissions ["firebase.projects.get","firebasehosting.sites.update"]
[debug] [2021-06-08T11:40:02.250Z] >>> HTTP REQUEST POST https://cloudresourcemanager.googleapis.com/v1/projects/drip-landing:testIamPermissions  
 {"permissions":["firebase.projects.get","firebasehosting.sites.update"]}
[debug] [2021-06-08T11:40:03.173Z] <<< HTTP RESPONSE 200 {"content-type":"application/json; charset=UTF-8","vary":"X-Origin, Referer, Origin,Accept-Encoding","date":"Tue, 08 Jun 2021 11:40:03 GMT","server":"ESF","cache-control":"private","x-xss-protection":"0","x-frame-options":"SAMEORIGIN","x-content-type-options":"nosniff","server-timing":"gfet4t7; dur=764","alt-svc":"h3-29=\":443\"; ma=2592000,h3-T051=\":443\"; ma=2592000,h3-Q050=\":443\"; ma=2592000,h3-Q046=\":443\"; ma=2592000,h3-Q043=\":443\"; ma=2592000,quic=\":443\"; ma=2592000; v=\"46,43\"","accept-ranges":"none","transfer-encoding":"chunked"}
[debug] [2021-06-08T11:40:03.175Z] > refreshing access token with scopes: []
[debug] [2021-06-08T11:40:03.176Z] >>> HTTP REQUEST POST https://www.googleapis.com/oauth2/v3/token  
 <request body omitted>
[debug] [2021-06-08T11:40:03.400Z] <<< HTTP RESPONSE 200 {"cache-control":"no-cache, no-store, max-age=0, must-revalidate","pragma":"no-cache","date":"Tue, 08 Jun 2021 11:40:03 GMT","expires":"Mon, 01 Jan 1990 00:00:00 GMT","content-type":"application/json; charset=utf-8","vary":"X-Origin, Referer, Origin,Accept-Encoding","server":"scaffolding on HTTPServer2","x-xss-protection":"0","x-frame-options":"SAMEORIGIN","x-content-type-options":"nosniff","alt-svc":"h3-29=\":443\"; ma=2592000,h3-T051=\":443\"; ma=2592000,h3-Q050=\":443\"; ma=2592000,h3-Q046=\":443\"; ma=2592000,h3-Q043=\":443\"; ma=2592000,quic=\":443\"; ma=2592000; v=\"46,43\"","accept-ranges":"none","transfer-encoding":"chunked"}
[debug] [2021-06-08T11:40:03.406Z] >>> [apiv2][query] GET https://firebase.googleapis.com/v1beta1/projects/drip-landing [none]
[debug] [2021-06-08T11:40:03.722Z] <<< [apiv2][status] GET https://firebase.googleapis.com/v1beta1/projects/drip-landing 200
[debug] [2021-06-08T11:40:03.723Z] <<< [apiv2][body] GET https://firebase.googleapis.com/v1beta1/projects/drip-landing {"projectId":"drip-landing","projectNumber":"331368276122","displayName":"drip","name":"projects/drip-landing","resources":{"hostingSite":"drip-landing"},"state":"ACTIVE"}
[info] 
[info] === Deploying to 'drip-landing'...
[info] 
[info] i  deploying hosting 
[debug] [2021-06-08T11:40:03.725Z] > refreshing access token with scopes: ["email","https://www.googleapis.com/auth/cloud-platform","https://www.googleapis.com/auth/cloudplatformprojects.readonly","https://www.googleapis.com/auth/firebase","openid"]
[debug] [2021-06-08T11:40:03.725Z] >>> HTTP REQUEST POST https://www.googleapis.com/oauth2/v3/token  
 <request body omitted>
[debug] [2021-06-08T11:40:03.962Z] <<< HTTP RESPONSE 200 {"date":"Tue, 08 Jun 2021 11:40:03 GMT","cache-control":"no-cache, no-store, max-age=0, must-revalidate","expires":"Mon, 01 Jan 1990 00:00:00 GMT","pragma":"no-cache","content-type":"application/json; charset=utf-8","vary":"X-Origin, Referer, Origin,Accept-Encoding","server":"scaffolding on HTTPServer2","x-xss-protection":"0","x-frame-options":"SAMEORIGIN","x-content-type-options":"nosniff","alt-svc":"h3-29=\":443\"; ma=2592000,h3-T051=\":443\"; ma=2592000,h3-Q050=\":443\"; ma=2592000,h3-Q046=\":443\"; ma=2592000,h3-Q043=\":443\"; ma=2592000,quic=\":443\"; ma=2592000; v=\"46,43\"","accept-ranges":"none","transfer-encoding":"chunked"}
[debug] [2021-06-08T11:40:03.966Z] >>> HTTP REQUEST POST https://firebasehosting.googleapis.com/v1beta1/sites/drip-landing/versions  
 {"config":{"cleanUrls":true},"labels":{"deployment-tool":"cli-firebase"}}
[debug] [2021-06-08T11:40:05.308Z] <<< HTTP RESPONSE 200 {"content-type":"application/json; charset=UTF-8","vary":"X-Origin, Referer, Origin,Accept-Encoding","date":"Tue, 08 Jun 2021 11:40:05 GMT","server":"ESF","cache-control":"private","x-xss-protection":"0","x-frame-options":"SAMEORIGIN","x-content-type-options":"nosniff","alt-svc":"h3-29=\":443\"; ma=2592000,h3-T051=\":443\"; ma=2592000,h3-Q050=\":443\"; ma=2592000,h3-Q046=\":443\"; ma=2592000,h3-Q043=\":443\"; ma=2592000,quic=\":443\"; ma=2592000; v=\"46,43\"","accept-ranges":"none","transfer-encoding":"chunked"}
[info] i  hosting[drip-landing]: beginning deploy... 
[info] i  hosting[drip-landing]: found 28 files in dist 
[debug] [2021-06-08T11:40:05.407Z] > refreshing access token with scopes: []
[debug] [2021-06-08T11:40:05.407Z] >>> HTTP REQUEST POST https://www.googleapis.com/oauth2/v3/token  
 <request body omitted>
[debug] [2021-06-08T11:40:05.410Z] [hosting] hash cache [ZGlzdA] stored for 28 files
[debug] [2021-06-08T11:40:05.410Z] [hosting][hash queue][FINAL] {"max":90,"min":18,"avg":57.107142857142854,"active":0,"complete":28,"success":28,"errored":0,"retried":0,"total":28,"elapsed":95}
[debug] [2021-06-08T11:40:05.625Z] <<< HTTP RESPONSE 200 {"pragma":"no-cache","date":"Tue, 08 Jun 2021 11:40:05 GMT","cache-control":"no-cache, no-store, max-age=0, must-revalidate","expires":"Mon, 01 Jan 1990 00:00:00 GMT","content-type":"application/json; charset=utf-8","vary":"X-Origin, Referer, Origin,Accept-Encoding","server":"scaffolding on HTTPServer2","x-xss-protection":"0","x-frame-options":"SAMEORIGIN","x-content-type-options":"nosniff","alt-svc":"h3-29=\":443\"; ma=2592000,h3-T051=\":443\"; ma=2592000,h3-Q050=\":443\"; ma=2592000,h3-Q046=\":443\"; ma=2592000,h3-Q043=\":443\"; ma=2592000,quic=\":443\"; ma=2592000; v=\"46,43\"","accept-ranges":"none","transfer-encoding":"chunked"}
[debug] [2021-06-08T11:40:05.631Z] >>> [apiv2][query] POST https://firebasehosting.googleapis.com/v1beta1/sites/drip-landing/versions/a89835ca87c9d8c1:populateFiles [none]
[debug] [2021-06-08T11:40:05.631Z] >>> [apiv2][body] POST https://firebasehosting.googleapis.com/v1beta1/sites/drip-landing/versions/a89835ca87c9d8c1:populateFiles {"files":{"/artists.79fc2b9e.css":"53291357bc11a4af4a7e77a6efbf82434efb2a30d3685e1119903e1607db0a97","/artists.79fc2b9e.css.map":"50f69fe0de35d263dc059961e02da53d3bd5489bb4859ee26872864b595d10c0","/artists.html":"2a95982ce91a91e1cc5d495ac332292f21b5a2a134c37152c26ffcc69a07696d","/dripfav.336da9ba.png":"04f7085668bbe6ed41c5a5119460fd1d08a480c8e5c871b20bd39dafaf7c0d7f","/dripfav2.be4c3bb9.png":"c323cf24e7e35ee2bad8568ac60755433c8b9856d7055fb9a162229360a2066a","/index.c524e9bf.css":"106418daef810de663776ad6c6479314bb11ce96695692bae0058bcbb6807745","/index.c524e9bf.css.map":"170ac95b9f0c4e1edfd72509cd8789e75061cb6d338834162a8ba41c77b53b47","/index.html":"d816e8f24e34cce7b302dd49b0a34963ea56466bfc7b13f0fe44221dd5f2e001","/logo.0455d73e.svg":"a42b821b57199ff48c161fae372c003b32986407fc702233e6af9053002be0f7","/drip-bg.037c7bbd.png":"5049a9004e3df4e144c178c3a7887f915bd4cfff251fdf6ca26a34253651dfc8","/index.2142d36c.js":"e808232a21e8a68bd1e746e3397cd01aee8be95b1e200676e71b4d26485aa5e7","/index.2142d36c.js.map":"49c5c852329832d1aa4c86b89c2a635c746a09fdb3a60da68b790d5293bfaa7d","/artists.02e02dbb.js.map":"13d816ced6ddd584f61d6b902f89a37dbf35115d94fff2a72c44212752f3feb1","/artists.02e02dbb.js":"f49d439a94dff811e030722ef292ffc2fdda5a1a55a6a178c20e674d6f03fc70","/DrukWide-Medium.a0a2b5ad.ttf":"36899a5b3167e08473729203857c1b9fc1aec6740dfbce340dbf6e090bac8a06","/gurikachokheli.584f5390.png":"42564663d2b95cde6cca517b97ddb33ed77b6e5f9f15c15db27d10380e80c572","/faqizi.b371cb04.png":"58a5ce9809661ce8c0532ccfc709c0fa11790237f2975269b5c261394f9c832b","/teotoi.1cd519b7.png":"0913e0e7d3c4ec829e2a3684acb4a95b79297ab03cd0523adb7300a9dcbd17e6","/anrijo.66d697f1.png":"649fdb95941beeabd632967d54eaf5437b1721df127eb137003274c296963be7","/rejavoo.4daaf1dc.png":"4c0c5d7e5927aa1de81ae245450f417a00918dc85ea29f008f2dad3c224dba23","/jacobshedevrs.f224e77c.png":"ae306896695f9adafc77615eb5f1f1c7e934aba61e356923d16b85b438f2e55b","/babutsidze.794a66ff.png":"f134da90a5064b1a283d38c73b5e5166f44212e86605037d294769d403afd6d4","/nitta.317ca605.png":"0a8e00daad98e94e9423fc1f114186dc0b03e7278998cec33af4d82a21514f3d","/anwli.4857b0b3.png":"4f5c27e9579804af12d29fe57f28c8d33d311f2d738d3571d10e03789ace289d","/murtazi.cb473120.png":"203b5c82396cc43b899383fe05f607b427b8da5c0bc0f8167e1aef151674eee6","/otomikadze.f62987ed.png":"3e2ea667763022e8a854d39dbaa4f39dc1319db11b09ffffe1c6f7cf681e5880","/OG.e068528a.png":"5c24c75e81caeac10d5a316d9b58e8451a9660e1f63efb94fe88914f1b2d6f01","/marimama.296498fc.png":"b7d4bd2b57944d37444df49e99d8ce248a91e2ed586c728fcf9d572721c3cc38"}}
[debug] [2021-06-08T11:40:06.857Z] <<< [apiv2][status] POST https://firebasehosting.googleapis.com/v1beta1/sites/drip-landing/versions/a89835ca87c9d8c1:populateFiles 200
[debug] [2021-06-08T11:40:06.857Z] <<< [apiv2][body] POST https://firebasehosting.googleapis.com/v1beta1/sites/drip-landing/versions/a89835ca87c9d8c1:populateFiles {"uploadRequiredHashes":["2a95982ce91a91e1cc5d495ac332292f21b5a2a134c37152c26ffcc69a07696d"],"uploadUrl":"https://upload-firebasehosting.googleapis.com/upload/sites/drip-landing/versions/a89835ca87c9d8c1/files"}
[debug] [2021-06-08T11:40:06.858Z] >>> [apiv2][query] POST https://upload-firebasehosting.googleapis.com/upload/sites/drip-landing/versions/a89835ca87c9d8c1/files/2a95982ce91a91e1cc5d495ac332292f21b5a2a134c37152c26ffcc69a07696d [none]
[debug] [2021-06-08T11:40:06.858Z] >>> [apiv2][body] POST https://upload-firebasehosting.googleapis.com/upload/sites/drip-landing/versions/a89835ca87c9d8c1/files/2a95982ce91a91e1cc5d495ac332292f21b5a2a134c37152c26ffcc69a07696d [stream]
[debug] [2021-06-08T11:40:06.858Z] [hosting][populate queue][FINAL] {"max":1451,"min":1451,"avg":1451,"active":0,"complete":1,"success":1,"errored":0,"retried":0,"total":1,"elapsed":1451}
[debug] [2021-06-08T11:40:06.859Z] [hosting] uploads queued: 1
[debug] [2021-06-08T11:40:08.261Z] <<< [apiv2][status] POST https://upload-firebasehosting.googleapis.com/upload/sites/drip-landing/versions/a89835ca87c9d8c1/files/2a95982ce91a91e1cc5d495ac332292f21b5a2a134c37152c26ffcc69a07696d 200
[debug] [2021-06-08T11:40:08.261Z] <<< [apiv2][body] POST https://upload-firebasehosting.googleapis.com/upload/sites/drip-landing/versions/a89835ca87c9d8c1/files/2a95982ce91a91e1cc5d495ac332292f21b5a2a134c37152c26ffcc69a07696d [stream]
[debug] [2021-06-08T11:40:08.261Z] [hosting][upload queue][FINAL] {"max":1404,"min":1404,"avg":1404,"active":0,"complete":1,"success":1,"errored":0,"retried":0,"total":1,"elapsed":1404}
[info] ✔  hosting[drip-landing]: file upload complete 
[debug] [2021-06-08T11:40:08.262Z] [hosting] deploy completed after 2953ms
[debug] [2021-06-08T11:40:08.262Z] [
  {
    "config": {
      "public": "dist",
      "cleanUrls": true,
      "ignore": [
        "firebase.json",
        "**/.*",
        "**/node_modules/**"
      ],
      "site": "drip-landing"
    },
    "site": "drip-landing",
    "version": "sites/drip-landing/versions/a89835ca87c9d8c1"
  }
]
[info] i  hosting[drip-landing]: finalizing version... 
[debug] [2021-06-08T11:40:08.263Z] > refreshing access token with scopes: ["email","https://www.googleapis.com/auth/cloud-platform","https://www.googleapis.com/auth/cloudplatformprojects.readonly","https://www.googleapis.com/auth/firebase","openid"]
[debug] [2021-06-08T11:40:08.263Z] >>> HTTP REQUEST POST https://www.googleapis.com/oauth2/v3/token  
 <request body omitted>
[debug] [2021-06-08T11:40:08.483Z] <<< HTTP RESPONSE 200 {"date":"Tue, 08 Jun 2021 11:40:08 GMT","cache-control":"no-cache, no-store, max-age=0, must-revalidate","expires":"Mon, 01 Jan 1990 00:00:00 GMT","pragma":"no-cache","content-type":"application/json; charset=utf-8","vary":"X-Origin, Referer, Origin,Accept-Encoding","server":"scaffolding on HTTPServer2","x-xss-protection":"0","x-frame-options":"SAMEORIGIN","x-content-type-options":"nosniff","alt-svc":"h3-29=\":443\"; ma=2592000,h3-T051=\":443\"; ma=2592000,h3-Q050=\":443\"; ma=2592000,h3-Q046=\":443\"; ma=2592000,h3-Q043=\":443\"; ma=2592000,quic=\":443\"; ma=2592000; v=\"46,43\"","accept-ranges":"none","transfer-encoding":"chunked"}
[debug] [2021-06-08T11:40:08.487Z] >>> HTTP REQUEST PATCH https://firebasehosting.googleapis.com/v1beta1/sites/drip-landing/versions/a89835ca87c9d8c1?updateMask=status  
 {"status":"FINALIZED"}
[debug] [2021-06-08T11:40:09.680Z] <<< HTTP RESPONSE 200 {"content-type":"application/json; charset=UTF-8","vary":"X-Origin, Referer, Origin,Accept-Encoding","date":"Tue, 08 Jun 2021 11:40:09 GMT","server":"ESF","cache-control":"private","x-xss-protection":"0","x-frame-options":"SAMEORIGIN","x-content-type-options":"nosniff","alt-svc":"h3-29=\":443\"; ma=2592000,h3-T051=\":443\"; ma=2592000,h3-Q050=\":443\"; ma=2592000,h3-Q046=\":443\"; ma=2592000,h3-Q043=\":443\"; ma=2592000,quic=\":443\"; ma=2592000; v=\"46,43\"","accept-ranges":"none","transfer-encoding":"chunked"}
[debug] [2021-06-08T11:40:09.681Z] [hosting] finalized version for drip-landing: {"name":"sites/drip-landing/versions/a89835ca87c9d8c1","status":"FINALIZED","config":{"cleanUrls":true},"labels":{"deployment-tool":"cli-firebase"},"createTime":"2021-06-08T11:40:04.846330Z","createUser":{"email":"hq@drip.ge"},"finalizeTime":"2021-06-08T11:40:09.576503Z","finalizeUser":{"email":"hq@drip.ge"}}
[info] ✔  hosting[drip-landing]: version finalized 
[info] i  hosting[drip-landing]: releasing new version... 
[debug] [2021-06-08T11:40:09.681Z] >>> HTTP REQUEST POST https://firebasehosting.googleapis.com/v1beta1/sites/drip-landing/releases?version_name=sites/drip-landing/versions/a89835ca87c9d8c1  
 {"message":"minor fixes"}
